<?xml version="1.0" encoding="UTF-8"?>
<testExecutions version="1">
    <file path="/data/home/ubuntu/Desktop/astxio-331239-react/src/packages/blocks/termsconditions/__tests__/step-definitions/TermsConditionsDetail.steps.tsx">
        <testCase name="TermsConditionsDetail User navigates to TermsConditions" duration="1212"/>
    </file>
    <file path="/data/home/ubuntu/Desktop/astxio-331239-react/src/packages/blocks/termsconditions/__tests__/step-definitions/TermsConditionsEdit.steps.tsx">
        <testCase name="TermsConditionsEdit User navigates to TermsConditions" duration="1143"/>
    </file>
    <file path="/data/home/ubuntu/Desktop/astxio-331239-react/src/packages/blocks/termsconditions/__tests__/step-definitions/TermsConditionsUsers.steps.tsx">
        <testCase name="TermsConditionsUsers User navigates to TermsConditions" duration="1009"/>
    </file>
    <file path="/data/home/ubuntu/Desktop/astxio-331239-react/src/packages/blocks/termsconditions/__tests__/step-definitions/TermsConditionsEdit.web.steps.tsx">
        <testCase name="TermsConditionsEdit User navigates to TermsConditions" duration="1845"/>
    </file>
    <file path="/data/home/ubuntu/Desktop/astxio-331239-react/src/packages/blocks/termsconditions/__tests__/step-definitions/TermsConditionsDetail.web.steps.tsx">
        <testCase name="TermsConditionsDetail User navigates to TermsConditions" duration="1357"/>
    </file>
    <file path="/data/home/ubuntu/Desktop/astxio-331239-react/src/packages/blocks/termsconditions/__tests__/step-definitions/TermsConditions.steps.tsx">
        <testCase name="TermsConditions User navigates to TermsConditions" duration="521"/>
    </file>
    <file path="/data/home/ubuntu/Desktop/astxio-331239-react/src/packages/blocks/termsconditions/__tests__/step-definitions/TermsConditions.web.steps.tsx">
        <testCase name="TermsConditions User navigates to TermsConditions" duration="476"/>
    </file>
</testExecutions>